<?xml version="1.0" encoding="UTF-8"?>
<!-- Generated by org.testng.reporters.JUnitReportReporter -->
<testsuite hostname="DESKTOP-721AVD6" failures="0" tests="1" name="com.sampleTestScript.TestScript01" time="0.012" errors="0" timestamp="2024-07-26T15:21:43 IST" skipped="0">
  <testcase classname="com.sampleTestScript.TestScript01" name="excecuteScript" time="0.012">
    <system-out>
      <![CDATA[learning maven]]>
    </system-out>
  </testcase> <!-- excecuteScript -->
  <system-out>
    <![CDATA[learning maven]]>
  </system-out>
</testsuite> <!-- com.sampleTestScript.TestScript01 -->
