<?xml version="1.0" encoding="UTF-8"?>
<!-- Generated by org.testng.reporters.JUnitReportReporter -->
<testsuite hostname="DESKTOP-721AVD6" failures="0" tests="1" name="com.GroupExcutionclass.puneeth" time="6.656" errors="0" timestamp="2024-07-27T15:29:49 IST" skipped="0">
  <testcase classname="com.GroupExcutionclass.puneeth" name="excuteScript" time="6.656">
    <system-out>
      <![CDATA[puneeth]]>
    </system-out>
  </testcase> <!-- excuteScript -->
  <system-out>
    <![CDATA[allu arjun
vicky
puneeth
yash
mahesh]]>
  </system-out>
</testsuite> <!-- com.GroupExcutionclass.puneeth -->
