<?xml version="1.0" encoding="UTF-8"?>
<!-- Generated by org.testng.reporters.JUnitReportReporter -->
<testsuite hostname="DESKTOP-721AVD6" failures="0" tests="1" name="com.GroupExcutionclass.Vickykausal" time="5.877" errors="0" timestamp="2024-07-27T15:29:49 IST" skipped="0">
  <testcase classname="com.GroupExcutionclass.Vickykausal" name="excuteScript" time="5.877">
    <system-out>
      <![CDATA[vicky]]>
    </system-out>
  </testcase> <!-- excuteScript -->
  <system-out>
    <![CDATA[allu arjun
vicky
puneeth
yash
mahesh]]>
  </system-out>
</testsuite> <!-- com.GroupExcutionclass.Vickykausal -->
